# JRE version: OpenJDK Runtime Environment (17.0.11) (build 17.0.11+0--11852314)
# Java VM: OpenJDK 64-Bit Server VM (17.0.11+0--11852314, mixed mode, tiered, compressed oops, compressed class ptrs, g1 gc, windows-amd64)
GC Precious Log:
 CPUs: 8 total, 8 available
 Memory: 5877M
 Large Page Support: Disabled
 NUMA Support: Disabled
 Compressed Oops: Enabled (32-bit)
 Heap Region Size: 1M
 Heap Min Capacity: 8M
 Heap Initial Capacity: 92M
 Heap Max Capacity: 1470M
 Pre-touch: Disabled
 Parallel Workers: 8
 Concurrent Workers: 2
 Concurrent Refinement Workers: 8
 Periodic GC: Disabled
Heap:
 garbage-first heap   total 100352K, used 63730K [0x00000000a4200000, 0x0000000100000000)
  region size 1024K, 10 young (10240K), 1 survivors (1024K)
 Metaspace       used 56333K, committed 56640K, reserved 1114112K
  class space    used 6257K, committed 6400K, reserved 1048576K
GC Heap History (20 events):
Event: 4.512 GC heap before
{Heap before GC invocations=12 (full 0):
 garbage-first heap   total 68608K, used 51808K [0x00000000a4200000, 0x0000000100000000)
  region size 1024K, 26 young (26624K), 1 survivors (1024K)
 Metaspace       used 45203K, committed 45440K, reserved 1114112K
  class space    used 5385K, committed 5504K, reserved 1048576K
}
Event: 4.519 GC heap after
{Heap after GC invocations=13 (full 0):
 garbage-first heap   total 82944K, used 30089K [0x00000000a4200000, 0x0000000100000000)
  region size 1024K, 4 young (4096K), 4 survivors (4096K)
 Metaspace       used 45203K, committed 45440K, reserved 1114112K
  class space    used 5385K, committed 5504K, reserved 1048576K
}
Event: 5.502 GC heap before
{Heap before GC invocations=13 (full 0):
 garbage-first heap   total 82944K, used 61833K [0x00000000a4200000, 0x0000000100000000)
  region size 1024K, 35 young (35840K), 4 survivors (4096K)
 Metaspace       used 48754K, committed 48960K, reserved 1114112K
  class space    used 5736K, committed 5824K, reserved 1048576K
}
Event: 5.516 GC heap after
{Heap after GC invocations=14 (full 0):
 garbage-first heap   total 82944K, used 35522K [0x00000000a4200000, 0x0000000100000000)
  region size 1024K, 5 young (5120K), 5 survivors (5120K)
 Metaspace       used 48754K, committed 48960K, reserved 1114112K
  class space    used 5736K, committed 5824K, reserved 1048576K
}
Event: 6.288 GC heap before
{Heap before GC invocations=14 (full 0):
 garbage-first heap   total 82944K, used 62146K [0x00000000a4200000, 0x0000000100000000)
  region size 1024K, 31 young (31744K), 5 survivors (5120K)
 Metaspace       used 49624K, committed 49856K, reserved 1114112K
  class space    used 5766K, committed 5888K, reserved 1048576K
}
Event: 6.304 GC heap after
{Heap after GC invocations=15 (full 0):
 garbage-first heap   total 82944K, used 40509K [0x00000000a4200000, 0x0000000100000000)
  region size 1024K, 4 young (4096K), 4 survivors (4096K)
 Metaspace       used 49624K, committed 49856K, reserved 1114112K
  class space    used 5766K, committed 5888K, reserved 1048576K
}
Event: 6.924 GC heap before
{Heap before GC invocations=15 (full 0):
 garbage-first heap   total 82944K, used 63037K [0x00000000a4200000, 0x0000000100000000)
  region size 1024K, 26 young (26624K), 4 survivors (4096K)
 Metaspace       used 51885K, committed 52096K, reserved 1114112K
  class space    used 6047K, committed 6144K, reserved 1048576K
}
Event: 6.941 GC heap after
{Heap after GC invocations=16 (full 0):
 garbage-first heap   total 82944K, used 43813K [0x00000000a4200000, 0x0000000100000000)
  region size 1024K, 3 young (3072K), 3 survivors (3072K)
 Metaspace       used 51885K, committed 52096K, reserved 1114112K
  class space    used 6047K, committed 6144K, reserved 1048576K
}
Event: 7.600 GC heap before
{Heap before GC invocations=16 (full 0):
 garbage-first heap   total 82944K, used 64293K [0x00000000a4200000, 0x0000000100000000)
  region size 1024K, 23 young (23552K), 3 survivors (3072K)
 Metaspace       used 52904K, committed 53120K, reserved 1114112K
  class space    used 6120K, committed 6208K, reserved 1048576K
}
Event: 7.612 GC heap after
{Heap after GC invocations=17 (full 0):
 garbage-first heap   total 100352K, used 46942K [0x00000000a4200000, 0x0000000100000000)
  region size 1024K, 3 young (3072K), 3 survivors (3072K)
 Metaspace       used 52904K, committed 53120K, reserved 1114112K
  class space    used 6120K, committed 6208K, reserved 1048576K
}
Event: 8.684 GC heap before
{Heap before GC invocations=18 (full 0):
 garbage-first heap   total 100352K, used 76638K [0x00000000a4200000, 0x0000000100000000)
  region size 1024K, 32 young (32768K), 3 survivors (3072K)
 Metaspace       used 54329K, committed 54528K, reserved 1114112K
  class space    used 6175K, committed 6272K, reserved 1048576K
}
Event: 8.698 GC heap after
{Heap after GC invocations=19 (full 0):
 garbage-first heap   total 100352K, used 51058K [0x00000000a4200000, 0x0000000100000000)
  region size 1024K, 4 young (4096K), 4 survivors (4096K)
 Metaspace       used 54329K, committed 54528K, reserved 1114112K
  class space    used 6175K, committed 6272K, reserved 1048576K
}
Event: 8.771 GC heap before
{Heap before GC invocations=19 (full 0):
 garbage-first heap   total 100352K, used 52082K [0x00000000a4200000, 0x0000000100000000)
  region size 1024K, 5 young (5120K), 4 survivors (4096K)
 Metaspace       used 54433K, committed 54656K, reserved 1114112K
  class space    used 6177K, committed 6272K, reserved 1048576K
}
Event: 8.777 GC heap after
{Heap after GC invocations=20 (full 0):
 garbage-first heap   total 100352K, used 50702K [0x00000000a4200000, 0x0000000100000000)
  region size 1024K, 1 young (1024K), 1 survivors (1024K)
 Metaspace       used 54433K, committed 54656K, reserved 1114112K
  class space    used 6177K, committed 6272K, reserved 1048576K
}
Event: 9.798 GC heap before
{Heap before GC invocations=20 (full 0):
 garbage-first heap   total 100352K, used 78350K [0x00000000a4200000, 0x0000000100000000)
  region size 1024K, 28 young (28672K), 1 survivors (1024K)
 Metaspace       used 55306K, committed 55552K, reserved 1114112K
  class space    used 6203K, committed 6336K, reserved 1048576K
}
Event: 9.807 GC heap after
{Heap after GC invocations=21 (full 0):
 garbage-first heap   total 100352K, used 53271K [0x00000000a4200000, 0x0000000100000000)
  region size 1024K, 4 young (4096K), 4 survivors (4096K)
 Metaspace       used 55306K, committed 55552K, reserved 1114112K
  class space    used 6203K, committed 6336K, reserved 1048576K
}
Event: 10.802 GC heap before
{Heap before GC invocations=22 (full 0):
 garbage-first heap   total 100352K, used 77847K [0x00000000a4200000, 0x0000000100000000)
  region size 1024K, 29 young (29696K), 4 survivors (4096K)
 Metaspace       used 56076K, committed 56320K, reserved 1114112K
  class space    used 6239K, committed 6336K, reserved 1048576K
}
Event: 10.811 GC heap after
{Heap after GC invocations=23 (full 0):
 garbage-first heap   total 100352K, used 55822K [0x00000000a4200000, 0x0000000100000000)
  region size 1024K, 3 young (3072K), 3 survivors (3072K)
 Metaspace       used 56076K, committed 56320K, reserved 1114112K
  class space    used 6239K, committed 6336K, reserved 1048576K
}
Event: 10.869 GC heap before
{Heap before GC invocations=23 (full 0):
 garbage-first heap   total 100352K, used 56846K [0x00000000a4200000, 0x0000000100000000)
  region size 1024K, 4 young (4096K), 3 survivors (3072K)
 Metaspace       used 56141K, committed 56448K, reserved 1114112K
  class space    used 6241K, committed 6400K, reserved 1048576K
}
Event: 10.877 GC heap after
{Heap after GC invocations=24 (full 0):
 garbage-first heap   total 100352K, used 55538K [0x00000000a4200000, 0x0000000100000000)
  region size 1024K, 1 young (1024K), 1 survivors (1024K)
 Metaspace       used 56141K, committed 56448K, reserved 1114112K
  class space    used 6241K, committed 6400K, reserved 1048576K
}

